1606848145711	geckodriver	INFO	Listening on 127.0.0.1:1567
1606848148768	mozrunner::runner	INFO	Running command: "C:\\Program Files\\Mozilla Firefox\\firefox.exe" "--marionette" "-foreground" "-no-remote" "-profile" "C:\\Users\\lee_c\\AppData\\Local\\Temp\\rust_mozprofile8tr6xU"
Can't find symbol 'eglSwapBuffersWithDamageEXT'.
JavaScript error: resource://gre/modules/XULStore.jsm, line 66: Error: Can't find profile directory.
console.warn: SearchSettings: "get: No settings file exists, new profile?" (new Error("", "(unknown module)"))
1606848154670	Marionette	INFO	Listening on port 1575
1606848155124	Marionette	WARN	TLS certificate errors will be ignored for this session
1606848155403	Marionette	INFO	Stopped listening on port 1575
console.warn: services.settings: main/partitioning-exempt-urls sync interrupted by shutdown

###!!! [Child][RunMessage] Error: Channel closing: too late to send/recv, messages will be lost


###!!! [Child][RunMessage] Error: Channel closing: too late to send/recv, messages will be lost


###!!! [Child][MessageChannel::SendAndWait] Error: Channel error: cannot send/recv

1606848708916	geckodriver	INFO	Listening on 127.0.0.1:1803
1606848711944	mozrunner::runner	INFO	Running command: "C:\\Program Files\\Mozilla Firefox\\firefox.exe" "--marionette" "-headless" "-foreground" "-no-remote" "-profile" "C:\\Users\\lee_c\\AppData\\Local\\Temp\\rust_mozprofileWmPncs"
*** You are running in headless mode.
JavaScript error: resource://gre/modules/XULStore.jsm, line 66: Error: Can't find profile directory.
console.warn: SearchSettings: "get: No settings file exists, new profile?" (new Error("", "(unknown module)"))
1606848714824	Marionette	INFO	Listening on port 1812
1606848715090	Marionette	WARN	TLS certificate errors will be ignored for this session
1606848715347	Marionette	INFO	Stopped listening on port 1812
console.warn: services.settings: main/partitioning-exempt-urls sync interrupted by shutdown

###!!! [Child][RunMessage] Error: Channel closing: too late to send/recv, messages will be lost

